<?xml version="1.0" encoding="UTF-8"?>
<testsuite xmlns:xsi="http://www.w3.org/2001/XMLSchema-instance" xsi:noNamespaceSchemaLocation="https://maven.apache.org/surefire/maven-surefire-plugin/xsd/surefire-test-report-3.0.xsd" version="3.0" name="br.Insper.ProvaFinal.ProvaFinalApplicationTests" time="1.333" tests="1" errors="0" skipped="0" failures="0">
  <properties>
[...]
</properties>
  <testcase name="contextLoads" classname="br.Insper.ProvaFinal.ProvaFinalApplicationTests" time="0.371">
    <system-out><![CDATA[10:08:06.395 [main] INFO org.springframework.test.context.support.AnnotationConfigContextLoaderUtils -- Could not detect default configuration classes for test class [br.Insper.ProvaFinal.ProvaFinalApplicationTests]: ProvaFinalApplicationTests does not declare any static, non-private, non-final, nested classes annotated with @Configuration.
10:08:06.433 [main] INFO org.springframework.boot.test.context.SpringBootTestContextBootstrapper -- Found @SpringBootConfiguration br.Insper.ProvaFinal.ProvaFinalApplication for test class br.Insper.ProvaFinal.ProvaFinalApplicationTests
10:08:06.481 [main] INFO org.springframework.boot.devtools.restart.RestartApplicationListener -- Restart disabled due to context in which it is running

  .   ____          _            __ _ _
 /\\ / ___'_ __ _ _(_)_ __  __ _ \ \ \ \
( ( )\___ | '_ | '_| | '_ \/ _` | \ \ \ \
 \\/  ___)| |_)| | | | | || (_| |  ) ) ) )
  '  |____| .__|_| |_|_| |_\__, | / / / /
 =========|_|==============|___/=/_/_/_/

 :: Spring Boot ::                (v3.3.5)

2024-11-11T10:08:06.591-03:00  INFO 9919 --- [ProvaFinal] [           main] b.I.P.ProvaFinalApplicationTests         : Starting ProvaFinalApplicationTests using Java 22.0.2 with PID 9919 (started by gabrielmendes in /Users/gabrielmendes/Downloads/ProvaFinal)
2024-11-11T10:08:06.592-03:00  INFO 9919 --- [ProvaFinal] [           main] b.I.P.ProvaFinalApplicationTests         : No active profile set, falling back to 1 default profile: "default"
2024-11-11T10:08:06.785-03:00  INFO 9919 --- [ProvaFinal] [           main] .s.d.r.c.RepositoryConfigurationDelegate : Bootstrapping Spring Data MongoDB repositories in DEFAULT mode.
2024-11-11T10:08:06.802-03:00  INFO 9919 --- [ProvaFinal] [           main] .s.d.r.c.RepositoryConfigurationDelegate : Finished Spring Data repository scanning in 15 ms. Found 1 MongoDB repository interface.
2024-11-11T10:08:07.024-03:00  INFO 9919 --- [ProvaFinal] [           main] org.mongodb.driver.client                : MongoClient with metadata {"application": {"name": "Database"}, "driver": {"name": "mongo-java-driver|sync|spring-boot", "version": "5.0.1"}, "os": {"type": "Darwin", "name": "Mac OS X", "architecture": "aarch64", "version": "15.2"}, "platform": "Java/Oracle Corporation/22.0.2+9-70"} created with settings MongoClientSettings{readPreference=primary, writeConcern=WriteConcern{w=majority, wTimeout=null ms, journal=null}, retryWrites=true, retryReads=true, readConcern=ReadConcern{level=null}, credential=MongoCredential{mechanism=null, userName='admin', source='admin', password=<hidden>, mechanismProperties=<hidden>}, transportSettings=null, commandListeners=[], codecRegistry=ProvidersCodecRegistry{codecProviders=[ValueCodecProvider{}, BsonValueCodecProvider{}, DBRefCodecProvider{}, DBObjectCodecProvider{}, DocumentCodecProvider{}, CollectionCodecProvider{}, IterableCodecProvider{}, MapCodecProvider{}, GeoJsonCodecProvider{}, GridFSFileCodecProvider{}, Jsr310CodecProvider{}, JsonObjectCodecProvider{}, BsonCodecProvider{}, EnumCodecProvider{}, com.mongodb.client.model.mql.ExpressionCodecProvider@4fa4f485, com.mongodb.Jep395RecordCodecProvider@68dd39d2, com.mongodb.KotlinCodecProvider@4a44cfc0]}, loggerSettings=LoggerSettings{maxDocumentLength=1000}, clusterSettings={hosts=[127.0.0.1:27017], srvHost=database.p1djp.mongodb.net, srvServiceName=mongodb, mode=MULTIPLE, requiredClusterType=REPLICA_SET, requiredReplicaSetName='atlas-tbd2qa-shard-0', serverSelector='null', clusterListeners='[]', serverSelectionTimeout='30000 ms', localThreshold='15 ms'}, socketSettings=SocketSettings{connectTimeoutMS=10000, readTimeoutMS=0, receiveBufferSize=0, proxySettings=ProxySettings{host=null, port=null, username=null, password=null}}, heartbeatSocketSettings=SocketSettings{connectTimeoutMS=10000, readTimeoutMS=10000, receiveBufferSize=0, proxySettings=ProxySettings{host=null, port=null, username=null, password=null}}, connectionPoolSettings=ConnectionPoolSettings{maxSize=100, minSize=0, maxWaitTimeMS=120000, maxConnectionLifeTimeMS=0, maxConnectionIdleTimeMS=0, maintenanceInitialDelayMS=0, maintenanceFrequencyMS=60000, connectionPoolListeners=[], maxConnecting=2}, serverSettings=ServerSettings{heartbeatFrequencyMS=10000, minHeartbeatFrequencyMS=500, serverListeners='[]', serverMonitorListeners='[]'}, sslSettings=SslSettings{enabled=true, invalidHostNameAllowed=false, context=null}, applicationName='Database', compressorList=[], uuidRepresentation=JAVA_LEGACY, serverApi=null, autoEncryptionSettings=null, dnsClient=null, inetAddressResolver=null, contextProvider=null}
2024-11-11T10:08:07.154-03:00  INFO 9919 --- [ProvaFinal] [djp.mongodb.net] org.mongodb.driver.cluster               : Adding discovered server database-shard-00-01.p1djp.mongodb.net:27017 to client view of cluster
2024-11-11T10:08:07.167-03:00  INFO 9919 --- [ProvaFinal] [djp.mongodb.net] org.mongodb.driver.cluster               : Adding discovered server database-shard-00-02.p1djp.mongodb.net:27017 to client view of cluster
2024-11-11T10:08:07.168-03:00  INFO 9919 --- [ProvaFinal] [djp.mongodb.net] org.mongodb.driver.cluster               : Adding discovered server database-shard-00-00.p1djp.mongodb.net:27017 to client view of cluster
2024-11-11T10:08:07.274-03:00  INFO 9919 --- [ProvaFinal] [           main] b.I.P.ProvaFinalApplicationTests         : Started ProvaFinalApplicationTests in 0.797 seconds (process running for 1.141)
2024-11-11T10:08:07.519-03:00  INFO 9919 --- [ProvaFinal] [ngodb.net:27017] org.mongodb.driver.cluster               : Monitor thread successfully connected to server with description ServerDescription{address=database-shard-00-01.p1djp.mongodb.net:27017, type=REPLICA_SET_PRIMARY, state=CONNECTED, ok=true, minWireVersion=0, maxWireVersion=21, maxDocumentSize=16777216, logicalSessionTimeoutMinutes=30, roundTripTimeNanos=108298000, setName='atlas-tbd2qa-shard-0', canonicalAddress=database-shard-00-01.p1djp.mongodb.net:27017, hosts=[database-shard-00-00.p1djp.mongodb.net:27017, database-shard-00-02.p1djp.mongodb.net:27017, database-shard-00-01.p1djp.mongodb.net:27017], passives=[], arbiters=[], primary='database-shard-00-01.p1djp.mongodb.net:27017', tagSet=TagSet{[Tag{name='availabilityZone', value='sae1-az3'}, Tag{name='diskState', value='READY'}, Tag{name='nodeType', value='ELECTABLE'}, Tag{name='provider', value='AWS'}, Tag{name='region', value='SA_EAST_1'}, Tag{name='workloadType', value='OPERATIONAL'}]}, electionId=7fffffff000000000000007c, setVersion=6, topologyVersion=TopologyVersion{processId=671be417d63c7c4d3e2917b5, counter=6}, lastWriteDate=Mon Nov 11 10:08:07 BRT 2024, lastUpdateTimeNanos=25859260220250}
2024-11-11T10:08:07.519-03:00  INFO 9919 --- [ProvaFinal] [ngodb.net:27017] org.mongodb.driver.cluster               : Monitor thread successfully connected to server with description ServerDescription{address=database-shard-00-00.p1djp.mongodb.net:27017, type=REPLICA_SET_SECONDARY, state=CONNECTED, ok=true, minWireVersion=0, maxWireVersion=21, maxDocumentSize=16777216, logicalSessionTimeoutMinutes=30, roundTripTimeNanos=180999750, setName='atlas-tbd2qa-shard-0', canonicalAddress=database-shard-00-00.p1djp.mongodb.net:27017, hosts=[database-shard-00-00.p1djp.mongodb.net:27017, database-shard-00-02.p1djp.mongodb.net:27017, database-shard-00-01.p1djp.mongodb.net:27017], passives=[], arbiters=[], primary='database-shard-00-01.p1djp.mongodb.net:27017', tagSet=TagSet{[Tag{name='availabilityZone', value='sae1-az1'}, Tag{name='diskState', value='READY'}, Tag{name='nodeType', value='ELECTABLE'}, Tag{name='provider', value='AWS'}, Tag{name='region', value='SA_EAST_1'}, Tag{name='workloadType', value='OPERATIONAL'}]}, electionId=null, setVersion=6, topologyVersion=TopologyVersion{processId=671be16e1ca6e8b8f0a9c99b, counter=5}, lastWriteDate=Mon Nov 11 10:08:07 BRT 2024, lastUpdateTimeNanos=25859260243333}
2024-11-11T10:08:07.520-03:00  INFO 9919 --- [ProvaFinal] [ngodb.net:27017] org.mongodb.driver.cluster               : Discovered replica set primary database-shard-00-01.p1djp.mongodb.net:27017 with max election id 7fffffff000000000000007c and max set version 6
2024-11-11T10:08:07.605-03:00  INFO 9919 --- [ProvaFinal] [ngodb.net:27017] org.mongodb.driver.cluster               : Monitor thread successfully connected to server with description ServerDescription{address=database-shard-00-02.p1djp.mongodb.net:27017, type=REPLICA_SET_SECONDARY, state=CONNECTED, ok=true, minWireVersion=0, maxWireVersion=21, maxDocumentSize=16777216, logicalSessionTimeoutMinutes=30, roundTripTimeNanos=91656500, setName='atlas-tbd2qa-shard-0', canonicalAddress=database-shard-00-02.p1djp.mongodb.net:27017, hosts=[database-shard-00-00.p1djp.mongodb.net:27017, database-shard-00-02.p1djp.mongodb.net:27017, database-shard-00-01.p1djp.mongodb.net:27017], passives=[], arbiters=[], primary='database-shard-00-01.p1djp.mongodb.net:27017', tagSet=TagSet{[Tag{name='availabilityZone', value='sae1-az2'}, Tag{name='diskState', value='READY'}, Tag{name='nodeType', value='ELECTABLE'}, Tag{name='provider', value='AWS'}, Tag{name='region', value='SA_EAST_1'}, Tag{name='workloadType', value='OPERATIONAL'}]}, electionId=null, setVersion=6, topologyVersion=TopologyVersion{processId=671be76795b7d491e4cfbb96, counter=3}, lastWriteDate=Mon Nov 11 10:08:07 BRT 2024, lastUpdateTimeNanos=25859348632666}
]]></system-out>
    <system-err><![CDATA[WARNING: A Java agent has been loaded dynamically (/Users/gabrielmendes/.m2/repository/net/bytebuddy/byte-buddy-agent/1.14.19/byte-buddy-agent-1.14.19.jar)
WARNING: If a serviceability tool is in use, please run with -XX:+EnableDynamicAgentLoading to hide this warning
WARNING: If a serviceability tool is not in use, please run with -Djdk.instrument.traceUsage for more information
WARNING: Dynamic loading of agents will be disallowed by default in a future release
]]></system-err>
  </testcase>
</testsuite>